c:\users\24313\desktop\汇编使用反汇编器\反汇编dll\dll1\release\dll1.pch
c:\users\24313\desktop\汇编使用反汇编器\反汇编dll\dll1\release\vc143.pdb
c:\users\24313\desktop\汇编使用反汇编器\反汇编dll\dll1\release\pch.obj
c:\users\24313\desktop\汇编使用反汇编器\反汇编dll\dll1\release\dllmain.obj
c:\users\24313\desktop\汇编使用反汇编器\反汇编dll\release\dll1.dll
c:\users\24313\desktop\汇编使用反汇编器\反汇编dll\dll1\release\dll1.ipdb
c:\users\24313\desktop\汇编使用反汇编器\反汇编dll\dll1\release\dll1.iobj
c:\users\24313\desktop\汇编使用反汇编器\反汇编dll\release\dll1.pdb
c:\users\24313\desktop\汇编使用反汇编器\反汇编dll\release\dll1.lib
c:\users\24313\desktop\汇编使用反汇编器\反汇编dll\release\dll1.exp
c:\users\24313\desktop\汇编使用反汇编器\实验2\反汇编dll\dll1\release\dllmain.obj
c:\users\24313\desktop\汇编使用反汇编器\实验2\反汇编dll\dll1\release\pch.obj
c:\users\24313\desktop\汇编使用反汇编器\实验2\反汇编dll\dll1\release\dll1.ipdb
c:\users\24313\desktop\汇编使用反汇编器\实验2\反汇编dll\dll1\release\dll1.iobj
c:\users\24313\desktop\汇编使用反汇编器\实验2\反汇编dll\dll1\release\dll1.pch
c:\users\24313\desktop\汇编使用反汇编器\实验2\反汇编dll\dll1\release\vc143.pdb
c:\users\24313\desktop\汇编使用反汇编器\实验2\反汇编dll\release\dll1.pdb
c:\users\24313\desktop\汇编使用反汇编器\实验2\反汇编dll\release\dll1.dll
c:\users\24313\desktop\汇编使用反汇编器\实验2\反汇编dll\dll1\release\dll1.tlog\cl.command.1.tlog
c:\users\24313\desktop\汇编使用反汇编器\实验2\反汇编dll\dll1\release\dll1.tlog\cl.items.tlog
c:\users\24313\desktop\汇编使用反汇编器\实验2\反汇编dll\dll1\release\dll1.tlog\cl.read.1.tlog
c:\users\24313\desktop\汇编使用反汇编器\实验2\反汇编dll\dll1\release\dll1.tlog\cl.write.1.tlog
c:\users\24313\desktop\汇编使用反汇编器\实验2\反汇编dll\dll1\release\dll1.tlog\link.command.1.tlog
c:\users\24313\desktop\汇编使用反汇编器\实验2\反汇编dll\dll1\release\dll1.tlog\link.read.1.tlog
c:\users\24313\desktop\汇编使用反汇编器\实验2\反汇编dll\dll1\release\dll1.tlog\link.write.1.tlog
c:\users\24313\desktop\汇编使用反汇编器\实验2\反汇编dll\dll1\release\dll1.tlog\link.write.2u.tlog
